<?xml version="1.0" encoding="UTF-8"?>
<!-- Generated by org.testng.reporters.JUnitReportReporter -->
<testsuite skipped="0" hostname="LAPTOP-SK492SBK" name="com.actitime.testscript.CreateCustomer" tests="1" failures="0" timestamp="08 Sep 2020 15:13:16 GMT" time="72.214" errors="0">
  <testcase name="testCreateCustomer" time="72.214" classname="com.actitime.testscript.CreateCustomer"/>
</testsuite> <!-- com.actitime.testscript.CreateCustomer -->
